<?xml version="1.0" encoding="UTF-8"?>
<testsuite name="Realizar el proceso de compras en el portal web de “AdvantageDemo”" tests="2" skipped="0" failures="2" errors="0" timestamp="2022-06-15T14:01:04" hostname="LATAM-FX61GG3" time="175.931">
  <properties/>
  <testcase name="Verificar que se realice el proceso de registro para un nuevo usuario" classname="Realizar el proceso de compras en el portal web de “AdvantageDemo”" time="145.302">
    <failure message="java.lang.AssertionError: No se pudo registrar el usuario correctamente - &#10;Expected: &quot;HernanB&quot;&#10;     but: was &quot;&quot;" type="java.lang.AssertionError">java.lang.AssertionError: No se pudo registrar el usuario correctamente - 
Expected: &quot;HernanB&quot;
     but: was &quot;&quot;
	at net.serenitybdd.screenplay.ErrorTally.throwSummaryExceptionFrom(ErrorTally.java:36)
	at net.serenitybdd.screenplay.ErrorTally.reportAnyErrors(ErrorTally.java:30)
	at net.serenitybdd.screenplay.Actor.should(Actor.java:316)
	at com.tyba.stepdefinitions.AdvantageStepDefinitions.verificarDatosRegistro(AdvantageStepDefinitions.java:74)
	at ✽.el usuario visualizara su nombre en la pantalla principal(file:///C:/Users/carolina.riost/Documents/hbarrera/tyba/tyba-master/tyba-master/PruebaTecnicaWebTyba/src/test/resources/features/web_tyba.feature:15)
</failure>
  </testcase>
  <testcase name="Realizar el proceso de compra de productos" classname="Realizar el proceso de compras en el portal web de “AdvantageDemo”" time="30.629">
    <failure message="org.openqa.selenium.ElementClickInterceptedException: element click intercepted: Element &lt;span title=&quot;GRAY&quot; id=&quot;bunny&quot; data-ng-repeat=&quot;color in colors&quot; class=&quot;bunny productColor ng-scope colorSelected GRAY&quot; data-ng-hide=&quot;color.code == 'ABCDEF'&quot; data-ng-style=&quot;color.code == 'FFFFFF' ?...              {'backgroundColor': '#' + color.code, 'border': 'solid 1px #9d9d9d' } :&#10;                                          {'backgroundColor': '#' + color.code, 'border': 'solid 1px transparent'}&quot; data-ng-class=&quot;{ colorSelected : colorSelected.name == color.name , GRAY : colorSelected.name}&quot; data-ng-click=&quot;setColor(color, $event)&quot; style=&quot;background-color: rgb(195, 195, 195); border: 1px solid transparent;&quot;&gt;&#10;                            &lt;/span&gt; is not clickable at point (900, 11). Other element would receive the click: &lt;header ng-show=&quot;welcome&quot; class=&quot;&quot;&gt;...&lt;/header&gt;&#10;  (Session info: chrome=102.0.5005.63)&#10;Build info: version: '3.141.59', revision: 'e82be7d358', time: '2018-11-14T08:17:03'&#10;System info: host: 'LATAM-FX61GG3', ip: '172.20.10.8', os.name: 'Windows 10', os.arch: 'amd64', os.version: '10.0', java.version: '11.0.14'&#10;Driver info: org.openqa.selenium.chrome.ChromeDriver&#10;Capabilities {acceptInsecureCerts: false, browserName: chrome, browserVersion: 102.0.5005.63, chrome: {chromedriverVersion: 102.0.5005.61 (0e59bcc00cc4..., userDataDir: C:\Users\CAROLI~1.RIO\AppDa...}, goog:chromeOptions: {debuggerAddress: localhost:55586}, javascriptEnabled: true, networkConnectionEnabled: false, pageLoadStrategy: normal, platform: WINDOWS, platformName: WINDOWS, proxy: Proxy(), setWindowRect: true, strictFileInteractability: false, timeouts: {implicit: 0, pageLoad: 300000, script: 30000}, unhandledPromptBehavior: dismiss and notify, webauthn:extension:credBlob: true, webauthn:extension:largeBlob: true, webauthn:virtualAuthenticators: true}&#10;Session ID: 39fce7a898fb1123c6db33a4ac2201d4" type="org.openqa.selenium.ElementClickInterceptedException">org.openqa.selenium.ElementClickInterceptedException: element click intercepted: Element &lt;span title=&quot;GRAY&quot; id=&quot;bunny&quot; data-ng-repeat=&quot;color in colors&quot; class=&quot;bunny productColor ng-scope colorSelected GRAY&quot; data-ng-hide=&quot;color.code == 'ABCDEF'&quot; data-ng-style=&quot;color.code == 'FFFFFF' ?...              {'backgroundColor': '#' + color.code, 'border': 'solid 1px #9d9d9d' } :
                                          {'backgroundColor': '#' + color.code, 'border': 'solid 1px transparent'}&quot; data-ng-class=&quot;{ colorSelected : colorSelected.name == color.name , GRAY : colorSelected.name}&quot; data-ng-click=&quot;setColor(color, $event)&quot; style=&quot;background-color: rgb(195, 195, 195); border: 1px solid transparent;&quot;&gt;
                            &lt;/span&gt; is not clickable at point (900, 11). Other element would receive the click: &lt;header ng-show=&quot;welcome&quot; class=&quot;&quot;&gt;...&lt;/header&gt;
  (Session info: chrome=102.0.5005.63)
Build info: version: '3.141.59', revision: 'e82be7d358', time: '2018-11-14T08:17:03'
System info: host: 'LATAM-FX61GG3', ip: '172.20.10.8', os.name: 'Windows 10', os.arch: 'amd64', os.version: '10.0', java.version: '11.0.14'
Driver info: org.openqa.selenium.chrome.ChromeDriver
Capabilities {acceptInsecureCerts: false, browserName: chrome, browserVersion: 102.0.5005.63, chrome: {chromedriverVersion: 102.0.5005.61 (0e59bcc00cc4..., userDataDir: C:\Users\CAROLI~1.RIO\AppDa...}, goog:chromeOptions: {debuggerAddress: localhost:55586}, javascriptEnabled: true, networkConnectionEnabled: false, pageLoadStrategy: normal, platform: WINDOWS, platformName: WINDOWS, proxy: Proxy(), setWindowRect: true, strictFileInteractability: false, timeouts: {implicit: 0, pageLoad: 300000, script: 30000}, unhandledPromptBehavior: dismiss and notify, webauthn:extension:credBlob: true, webauthn:extension:largeBlob: true, webauthn:virtualAuthenticators: true}
Session ID: 39fce7a898fb1123c6db33a4ac2201d4
	at java.base@11.0.14/jdk.internal.reflect.NativeConstructorAccessorImpl.newInstance0(Native Method)
	at java.base@11.0.14/jdk.internal.reflect.NativeConstructorAccessorImpl.newInstance(NativeConstructorAccessorImpl.java:62)
	at java.base@11.0.14/jdk.internal.reflect.DelegatingConstructorAccessorImpl.newInstance(DelegatingConstructorAccessorImpl.java:45)
	at java.base@11.0.14/java.lang.reflect.Constructor.newInstance(Constructor.java:490)
	at app//org.openqa.selenium.remote.http.W3CHttpResponseCodec.createException(W3CHttpResponseCodec.java:187)
	at app//org.openqa.selenium.remote.http.W3CHttpResponseCodec.decode(W3CHttpResponseCodec.java:122)
	at app//org.openqa.selenium.remote.http.W3CHttpResponseCodec.decode(W3CHttpResponseCodec.java:49)
	at app//org.openqa.selenium.remote.HttpCommandExecutor.execute(HttpCommandExecutor.java:158)
	at app//org.openqa.selenium.remote.service.DriverCommandExecutor.execute(DriverCommandExecutor.java:83)
	at app//org.openqa.selenium.remote.RemoteWebDriver.execute(RemoteWebDriver.java:552)
	at app//org.openqa.selenium.remote.RemoteWebElement.execute(RemoteWebElement.java:285)
	at app//org.openqa.selenium.remote.RemoteWebElement.click(RemoteWebElement.java:84)
	at app//net.serenitybdd.core.pages.WebElementFacadeImpl.click(WebElementFacadeImpl.java:1231)
	at app//net.serenitybdd.screenplay.actions.ClickOnTarget.performAs(ClickOnTarget.java:13)
	at app//net.serenitybdd.screenplay.actions.ClickOnTarget$ByteBuddy$fjeR0UnE.performAs$accessor$3ZsYGled(Unknown Source)
	at java.base@11.0.14/jdk.internal.reflect.NativeMethodAccessorImpl.invoke0(Native Method)
	at java.base@11.0.14/jdk.internal.reflect.NativeMethodAccessorImpl.invoke(NativeMethodAccessorImpl.java:62)
	at java.base@11.0.14/jdk.internal.reflect.DelegatingMethodAccessorImpl.invoke(DelegatingMethodAccessorImpl.java:43)
	at java.base@11.0.14/java.lang.reflect.Method.invoke(Method.java:566)
	at app//net.thucydides.core.steps.StepInterceptor.invokeMethod(StepInterceptor.java:488)
	at app//net.thucydides.core.steps.StepInterceptor.executeTestStepMethod(StepInterceptor.java:468)
	at app//net.thucydides.core.steps.StepInterceptor.runTestStep(StepInterceptor.java:441)
	at app//net.thucydides.core.steps.StepInterceptor.runOrSkipMethod(StepInterceptor.java:197)
	at app//net.thucydides.core.steps.StepInterceptor.testStepResult(StepInterceptor.java:184)
	at app//net.thucydides.core.steps.StepInterceptor.intercept(StepInterceptor.java:77)
	at app//net.thucydides.core.steps.ProxyConfiguration$InterceptorDispatcher.intercept(ProxyConfiguration.java:51)
	at app//net.serenitybdd.screenplay.actions.ClickOnTarget$ByteBuddy$fjeR0UnE.performAs(Unknown Source)
	at app//net.serenitybdd.screenplay.Actor.performTask(Actor.java:248)
	at app//net.serenitybdd.screenplay.Actor.perform(Actor.java:229)
	at app//net.serenitybdd.screenplay.Actor.attemptsTo(Actor.java:175)
	at app//com.tyba.tasks.SeleccionarProducto.performAs(SeleccionarProducto.java:36)
	at app//com.tyba.tasks.SeleccionarProducto$ByteBuddy$Nik2mXmO.performAs$accessor$MvlkN2kG(Unknown Source)
	at java.base@11.0.14/jdk.internal.reflect.NativeMethodAccessorImpl.invoke0(Native Method)
	at java.base@11.0.14/jdk.internal.reflect.NativeMethodAccessorImpl.invoke(NativeMethodAccessorImpl.java:62)
	at java.base@11.0.14/jdk.internal.reflect.DelegatingMethodAccessorImpl.invoke(DelegatingMethodAccessorImpl.java:43)
	at java.base@11.0.14/java.lang.reflect.Method.invoke(Method.java:566)
	at app//net.thucydides.core.steps.StepInterceptor.invokeMethod(StepInterceptor.java:488)
	at app//net.thucydides.core.steps.StepInterceptor.executeTestStepMethod(StepInterceptor.java:468)
	at app//net.thucydides.core.steps.StepInterceptor.runTestStep(StepInterceptor.java:441)
	at app//net.thucydides.core.steps.StepInterceptor.runOrSkipMethod(StepInterceptor.java:197)
	at app//net.thucydides.core.steps.StepInterceptor.testStepResult(StepInterceptor.java:184)
	at app//net.thucydides.core.steps.StepInterceptor.intercept(StepInterceptor.java:77)
	at app//net.thucydides.core.steps.ProxyConfiguration$InterceptorDispatcher.intercept(ProxyConfiguration.java:51)
	at app//com.tyba.tasks.SeleccionarProducto$ByteBuddy$Nik2mXmO.performAs(Unknown Source)
	at app//net.serenitybdd.screenplay.Actor.performTask(Actor.java:248)
	at app//net.serenitybdd.screenplay.Actor.perform(Actor.java:229)
	at app//net.serenitybdd.screenplay.Actor.attemptsTo(Actor.java:175)
	at app//com.tyba.stepdefinitions.AdvantageStepDefinitions.seleccionarProducto(AdvantageStepDefinitions.java:88)
	at ✽.Selecciono de la opción del menu POPULAR ITEMS el producto deseado, cambio el color, la cantidad y lo añado al carrito de compras(file:///C:/Users/carolina.riost/Documents/hbarrera/tyba/tyba-master/tyba-master/PruebaTecnicaWebTyba/src/test/resources/features/web_tyba.feature:23)
</failure>
  </testcase>
  <system-out><![CDATA[Feature from file:///C:/Users/carolina.riost/Documents/hbarrera/tyba/tyba-master/tyba-master/PruebaTecnicaWebTyba/src/test/resources/features/web_tyba.feature
Step argument class io.cucumber.core.gherkin.vintage.GherkinVintageDataTableArgument
Feature from file:///C:/Users/carolina.riost/Documents/hbarrera/tyba/tyba-master/tyba-master/PruebaTecnicaWebTyba/src/test/resources/features/web_tyba.feature
Step argument class io.cucumber.core.gherkin.vintage.GherkinVintageDataTableArgument
Step argument class io.cucumber.core.gherkin.vintage.GherkinVintageDataTableArgument
Step argument class io.cucumber.core.gherkin.vintage.GherkinVintageDataTableArgument
]]></system-out>
  <system-err><![CDATA[Jun 15, 2022 9:01:04 AM org.openqa.selenium.remote.DesiredCapabilities chrome
INFO: Using `new ChromeOptions()` is preferred to `DesiredCapabilities.chrome()`
Starting ChromeDriver 102.0.5005.61 (0e59bcc00cc4985ce39ad31c150065f159d95ad3-refs/branch-heads/5005@{#819}) on port 37953
Only local connections are allowed.
Please see https://chromedriver.chromium.org/security-considerations for suggestions on keeping ChromeDriver safe.
ChromeDriver was started successfully.
Jun 15, 2022 9:01:06 AM org.openqa.selenium.remote.ProtocolHandshake createSession
INFO: Detected dialect: W3C
Jun 15, 2022 9:03:29 AM org.openqa.selenium.remote.DesiredCapabilities chrome
INFO: Using `new ChromeOptions()` is preferred to `DesiredCapabilities.chrome()`
Starting ChromeDriver 102.0.5005.61 (0e59bcc00cc4985ce39ad31c150065f159d95ad3-refs/branch-heads/5005@{#819}) on port 22994
Only local connections are allowed.
Please see https://chromedriver.chromium.org/security-considerations for suggestions on keeping ChromeDriver safe.
ChromeDriver was started successfully.
Jun 15, 2022 9:03:30 AM org.openqa.selenium.remote.ProtocolHandshake createSession
INFO: Detected dialect: W3C
]]></system-err>
</testsuite>
